==22469== Memcheck, a memory error detector
==22469== Copyright (C) 2002-2017, and GNU GPL'd, by Julian Seward et al.
==22469== Using Valgrind-3.14.0.GIT-2b0aa0a5b8-20180819X and LibVEX; rerun with -h for copyright info
==22469== Command: ./hw11 exampleImages/RV.bmp output1.bmp 5 2
==22469== Parent PID: 22462
==22469== 
--22469-- 
--22469-- Valgrind options:
--22469--    --tool=memcheck
--22469--    --verbose
--22469--    --leak-check=full
--22469--    --log-file=./valgrind1.log
--22469-- Contents of /proc/version:
--22469--   Linux version 4.14.74-1-MANJARO (builduser@development) (gcc version 8.2.1 20180831 (GCC)) #1 SMP PREEMPT Fri Oct 5 14:16:52 UTC 2018
--22469-- 
--22469-- Arch and hwcaps: AMD64, LittleEndian, amd64-cx16-sse3
--22469-- Page sizes: currently 4096, max supported 4096
--22469-- Valgrind library directory: /usr/lib/valgrind
--22469-- Reading syms from /home/joseluistejada/Documents/Purdue/Year 2/Semester 1/Computer Engineering 264/ECE264/Solutions/HW11/hw11
--22469-- Reading syms from /usr/lib/ld-2.28.so
--22469-- Reading syms from /usr/lib/valgrind/memcheck-amd64-linux
--22469--    object doesn't have a dynamic symbol table
--22469-- Scheduler: using generic scheduler lock implementation.
--22469-- Reading suppressions file: /usr/lib/valgrind/default.supp
==22469== embedded gdbserver: reading from /tmp/vgdb-pipe-from-vgdb-to-22469-by-joseluistejada-on-???
==22469== embedded gdbserver: writing to   /tmp/vgdb-pipe-to-vgdb-from-22469-by-joseluistejada-on-???
==22469== embedded gdbserver: shared mem   /tmp/vgdb-pipe-shared-mem-vgdb-22469-by-joseluistejada-on-???
==22469== 
==22469== TO CONTROL THIS PROCESS USING vgdb (which you probably
==22469== don't want to do, unless you know exactly what you're doing,
==22469== or are doing some strange experiment):
==22469==   /usr/lib/valgrind/../../bin/vgdb --pid=22469 ...command...
==22469== 
==22469== TO DEBUG THIS PROCESS USING GDB: start GDB like this
==22469==   /path/to/gdb ./hw11
==22469== and then give GDB the following command
==22469==   target remote | /usr/lib/valgrind/../../bin/vgdb --pid=22469
==22469== --pid is optional if only one valgrind process is running
==22469== 
--22469-- REDIR: 0x401ff20 (ld-linux-x86-64.so.2:strlen) redirected to 0x580c9282 (vgPlain_amd64_linux_REDIR_FOR_strlen)
--22469-- REDIR: 0x401fcf0 (ld-linux-x86-64.so.2:index) redirected to 0x580c929c (vgPlain_amd64_linux_REDIR_FOR_index)
--22469-- Reading syms from /usr/lib/valgrind/vgpreload_core-amd64-linux.so
--22469-- Reading syms from /usr/lib/valgrind/vgpreload_memcheck-amd64-linux.so
==22469== WARNING: new redirection conflicts with existing -- ignoring it
--22469--     old: 0x0401ff20 (strlen              ) R-> (0000.0) 0x580c9282 vgPlain_amd64_linux_REDIR_FOR_strlen
--22469--     new: 0x0401ff20 (strlen              ) R-> (2007.0) 0x0483ad80 strlen
--22469-- REDIR: 0x401c700 (ld-linux-x86-64.so.2:strcmp) redirected to 0x483be40 (strcmp)
--22469-- REDIR: 0x4020480 (ld-linux-x86-64.so.2:mempcpy) redirected to 0x483f860 (mempcpy)
--22469-- Reading syms from /usr/lib/libc-2.28.so
--22469-- REDIR: 0x48ffff0 (libc.so.6:strchrnul) redirected to 0x482d1c0 (_vgnU_ifunc_wrapper)
--22469-- REDIR: 0x4918790 (libc.so.6:wcslen) redirected to 0x482d1c0 (_vgnU_ifunc_wrapper)
--22469-- REDIR: 0x4904aa0 (libc.so.6:memrchr) redirected to 0x482d1c0 (_vgnU_ifunc_wrapper)
--22469-- REDIR: 0x4919f20 (libc.so.6:wcsnlen) redirected to 0x482d1c0 (_vgnU_ifunc_wrapper)
--22469-- REDIR: 0x48feb30 (libc.so.6:memcpy@@GLIBC_2.14) redirected to 0x482d1c0 (_vgnU_ifunc_wrapper)
--22469-- REDIR: 0x48fe9e0 (libc.so.6:strncasecmp) redirected to 0x482d1c0 (_vgnU_ifunc_wrapper)
--22469-- REDIR: 0x48fe680 (libc.so.6:memmove) redirected to 0x482d1c0 (_vgnU_ifunc_wrapper)
--22469-- REDIR: 0x48fd840 (libc.so.6:strncpy) redirected to 0x482d1c0 (_vgnU_ifunc_wrapper)
--22469-- REDIR: 0x48fe990 (libc.so.6:strcasecmp) redirected to 0x482d1c0 (_vgnU_ifunc_wrapper)
--22469-- REDIR: 0x48fd210 (libc.so.6:strcat) redirected to 0x482d1c0 (_vgnU_ifunc_wrapper)
--22469-- REDIR: 0x48fd880 (libc.so.6:rindex) redirected to 0x482d1c0 (_vgnU_ifunc_wrapper)
--22469-- REDIR: 0x48fffc0 (libc.so.6:rawmemchr) redirected to 0x482d1c0 (_vgnU_ifunc_wrapper)
--22469-- REDIR: 0x4918c30 (libc.so.6:wmemchr) redirected to 0x482d1c0 (_vgnU_ifunc_wrapper)
--22469-- REDIR: 0x4918690 (libc.so.6:wcscmp) redirected to 0x482d1c0 (_vgnU_ifunc_wrapper)
--22469-- REDIR: 0x48fe7f0 (libc.so.6:mempcpy) redirected to 0x482d1c0 (_vgnU_ifunc_wrapper)
--22469-- REDIR: 0x48fe610 (libc.so.6:bcmp) redirected to 0x482d1c0 (_vgnU_ifunc_wrapper)
--22469-- REDIR: 0x48fd7e0 (libc.so.6:strncmp) redirected to 0x482d1c0 (_vgnU_ifunc_wrapper)
--22469-- REDIR: 0x48fd290 (libc.so.6:strcmp) redirected to 0x482d1c0 (_vgnU_ifunc_wrapper)
--22469-- REDIR: 0x48fe750 (libc.so.6:memset) redirected to 0x482d1c0 (_vgnU_ifunc_wrapper)
--22469-- REDIR: 0x4918660 (libc.so.6:wcschr) redirected to 0x482d1c0 (_vgnU_ifunc_wrapper)
--22469-- REDIR: 0x48fd770 (libc.so.6:strnlen) redirected to 0x482d1c0 (_vgnU_ifunc_wrapper)
--22469-- REDIR: 0x48fd340 (libc.so.6:strcspn) redirected to 0x482d1c0 (_vgnU_ifunc_wrapper)
--22469-- REDIR: 0x48fd300 (libc.so.6:strcpy) redirected to 0x482d1c0 (_vgnU_ifunc_wrapper)
--22469-- REDIR: 0x48fd8b0 (libc.so.6:strpbrk) redirected to 0x482d1c0 (_vgnU_ifunc_wrapper)
--22469-- REDIR: 0x48fd250 (libc.so.6:index) redirected to 0x482d1c0 (_vgnU_ifunc_wrapper)
--22469-- REDIR: 0x48fd740 (libc.so.6:strlen) redirected to 0x482d1c0 (_vgnU_ifunc_wrapper)
--22469-- REDIR: 0x48fea30 (libc.so.6:strcasecmp_l) redirected to 0x482d1c0 (_vgnU_ifunc_wrapper)
--22469-- REDIR: 0x48fe5e0 (libc.so.6:memchr) redirected to 0x482d1c0 (_vgnU_ifunc_wrapper)
--22469-- REDIR: 0x48fdb70 (libc.so.6:strspn) redirected to 0x482d1c0 (_vgnU_ifunc_wrapper)
--22469-- REDIR: 0x48fe950 (libc.so.6:stpncpy) redirected to 0x482d1c0 (_vgnU_ifunc_wrapper)
--22469-- REDIR: 0x48fe910 (libc.so.6:stpcpy) redirected to 0x482d1c0 (_vgnU_ifunc_wrapper)
--22469-- REDIR: 0x48fea80 (libc.so.6:strncasecmp_l) redirected to 0x482d1c0 (_vgnU_ifunc_wrapper)
--22469-- REDIR: 0x490d7a0 (libc.so.6:__strrchr_sse2) redirected to 0x483a7d0 (__strrchr_sse2)
--22469-- REDIR: 0x48f98d0 (libc.so.6:malloc) redirected to 0x4837710 (malloc)
--22469-- REDIR: 0x48fe080 (libc.so.6:__GI_strstr) redirected to 0x483fac0 (__strstr_sse2)
--22469-- REDIR: 0x49179b0 (libc.so.6:memcpy@GLIBC_2.2.5) redirected to 0x483bfa0 (memcpy@GLIBC_2.2.5)
--22469-- REDIR: 0x4917990 (libc.so.6:__mempcpy_sse2_unaligned) redirected to 0x483f4a0 (mempcpy)
--22469-- REDIR: 0x48f9f20 (libc.so.6:free) redirected to 0x4838940 (free)
==22469== 
==22469== Process terminating with default action of signal 2 (SIGINT)
==22469==    at 0x1096FF: AdaptiveThresholding (bmpfunc.c:109)
==22469==    by 0x1092DE: main (hw11.c:50)
==22469== 
==22469== HEAP SUMMARY:
==22469==     in use at exit: 55,296,722 bytes in 7 blocks
==22469==   total heap usage: 9 allocs, 2 frees, 55,301,370 bytes allocated
==22469== 
==22469== Searching for pointers to 7 not-freed blocks
==22469== Checked 24,069,696 bytes
==22469== 
==22469== 11,059,200 bytes in 1 blocks are possibly lost in loss record 3 of 7
==22469==    at 0x483777F: malloc (vg_replace_malloc.c:299)
==22469==    by 0x1099AC: BMP_Open (bmpimage.c:116)
==22469==    by 0x10928D: main (hw11.c:36)
==22469== 
==22469== 11,059,200 bytes in 1 blocks are possibly lost in loss record 4 of 7
==22469==    at 0x483777F: malloc (vg_replace_malloc.c:299)
==22469==    by 0x109465: ImgToGray (bmpfunc.c:42)
==22469==    by 0x10929D: main (hw11.c:39)
==22469== 
==22469== 11,059,200 bytes in 1 blocks are possibly lost in loss record 5 of 7
==22469==    at 0x483777F: malloc (vg_replace_malloc.c:299)
==22469==    by 0x1095F3: AdaptiveThresholding (bmpfunc.c:81)
==22469==    by 0x1092DE: main (hw11.c:50)
==22469== 
==22469== LEAK SUMMARY:
==22469==    definitely lost: 0 bytes in 0 blocks
==22469==    indirectly lost: 0 bytes in 0 blocks
==22469==      possibly lost: 33,177,600 bytes in 3 blocks
==22469==    still reachable: 22,119,122 bytes in 4 blocks
==22469==         suppressed: 0 bytes in 0 blocks
==22469== Reachable blocks (those to which a pointer was found) are not shown.
==22469== To see them, rerun with: --leak-check=full --show-leak-kinds=all
==22469== 
==22469== ERROR SUMMARY: 3 errors from 3 contexts (suppressed: 0 from 0)
==22469== ERROR SUMMARY: 3 errors from 3 contexts (suppressed: 0 from 0)
