==18859== Memcheck, a memory error detector
==18859== Copyright (C) 2002-2017, and GNU GPL'd, by Julian Seward et al.
==18859== Using Valgrind-3.14.0-3a3000290b-20181009X and LibVEX; rerun with -h for copyright info
==18859== Command: ./hw13 inputs/test1.txt
==18859== Parent PID: 18858
==18859== 
--18859-- 
--18859-- Valgrind options:
--18859--    --tool=memcheck
--18859--    --verbose
--18859--    --log-file=./valgrind1.log
--18859-- Contents of /proc/version:
--18859--   Linux version 4.14.78-1-MANJARO (builduser@development) (gcc version 8.2.1 20180831 (GCC)) #1 SMP PREEMPT Sun Oct 21 07:57:51 UTC 2018
--18859-- 
--18859-- Arch and hwcaps: AMD64, LittleEndian, amd64-cx16-sse3
--18859-- Page sizes: currently 4096, max supported 4096
--18859-- Valgrind library directory: /usr/lib/valgrind
--18859-- Reading syms from /home/joseluistejada/Documents/Purdue/Year 2/Semester 1/Computer Engineering 264/ECE264/Solutions/HW13/hw13
--18859-- Reading syms from /usr/lib/ld-2.28.so
--18859-- Reading syms from /usr/lib/valgrind/memcheck-amd64-linux
--18859--    object doesn't have a dynamic symbol table
--18859-- Scheduler: using generic scheduler lock implementation.
--18859-- Reading suppressions file: /usr/lib/valgrind/default.supp
==18859== embedded gdbserver: reading from /tmp/vgdb-pipe-from-vgdb-to-18859-by-joseluistejada-on-???
==18859== embedded gdbserver: writing to   /tmp/vgdb-pipe-to-vgdb-from-18859-by-joseluistejada-on-???
==18859== embedded gdbserver: shared mem   /tmp/vgdb-pipe-shared-mem-vgdb-18859-by-joseluistejada-on-???
==18859== 
==18859== TO CONTROL THIS PROCESS USING vgdb (which you probably
==18859== don't want to do, unless you know exactly what you're doing,
==18859== or are doing some strange experiment):
==18859==   /usr/lib/valgrind/../../bin/vgdb --pid=18859 ...command...
==18859== 
==18859== TO DEBUG THIS PROCESS USING GDB: start GDB like this
==18859==   /path/to/gdb ./hw13
==18859== and then give GDB the following command
==18859==   target remote | /usr/lib/valgrind/../../bin/vgdb --pid=18859
==18859== --pid is optional if only one valgrind process is running
==18859== 
--18859-- REDIR: 0x401ff20 (ld-linux-x86-64.so.2:strlen) redirected to 0x580c9742 (vgPlain_amd64_linux_REDIR_FOR_strlen)
--18859-- REDIR: 0x401fcf0 (ld-linux-x86-64.so.2:index) redirected to 0x580c975c (vgPlain_amd64_linux_REDIR_FOR_index)
--18859-- Reading syms from /usr/lib/valgrind/vgpreload_core-amd64-linux.so
--18859-- Reading syms from /usr/lib/valgrind/vgpreload_memcheck-amd64-linux.so
==18859== WARNING: new redirection conflicts with existing -- ignoring it
--18859--     old: 0x0401ff20 (strlen              ) R-> (0000.0) 0x580c9742 vgPlain_amd64_linux_REDIR_FOR_strlen
--18859--     new: 0x0401ff20 (strlen              ) R-> (2007.0) 0x0483ad80 strlen
--18859-- REDIR: 0x401c700 (ld-linux-x86-64.so.2:strcmp) redirected to 0x483be40 (strcmp)
--18859-- REDIR: 0x4020480 (ld-linux-x86-64.so.2:mempcpy) redirected to 0x483f860 (mempcpy)
--18859-- Reading syms from /usr/lib/libc-2.28.so
--18859-- REDIR: 0x4900060 (libc.so.6:strchrnul) redirected to 0x482d1c0 (_vgnU_ifunc_wrapper)
--18859-- REDIR: 0x4918800 (libc.so.6:wcslen) redirected to 0x482d1c0 (_vgnU_ifunc_wrapper)
--18859-- REDIR: 0x4904b10 (libc.so.6:memrchr) redirected to 0x482d1c0 (_vgnU_ifunc_wrapper)
--18859-- REDIR: 0x4919f90 (libc.so.6:wcsnlen) redirected to 0x482d1c0 (_vgnU_ifunc_wrapper)
--18859-- REDIR: 0x48feb70 (libc.so.6:memcpy@@GLIBC_2.14) redirected to 0x482d1c0 (_vgnU_ifunc_wrapper)
--18859-- REDIR: 0x48fea20 (libc.so.6:strncasecmp) redirected to 0x482d1c0 (_vgnU_ifunc_wrapper)
--18859-- REDIR: 0x48fe6c0 (libc.so.6:memmove) redirected to 0x482d1c0 (_vgnU_ifunc_wrapper)
--18859-- REDIR: 0x48fd840 (libc.so.6:strncpy) redirected to 0x482d1c0 (_vgnU_ifunc_wrapper)
--18859-- REDIR: 0x48fe9d0 (libc.so.6:strcasecmp) redirected to 0x482d1c0 (_vgnU_ifunc_wrapper)
--18859-- REDIR: 0x48fd210 (libc.so.6:strcat) redirected to 0x482d1c0 (_vgnU_ifunc_wrapper)
--18859-- REDIR: 0x48fd880 (libc.so.6:rindex) redirected to 0x482d1c0 (_vgnU_ifunc_wrapper)
--18859-- REDIR: 0x4900030 (libc.so.6:rawmemchr) redirected to 0x482d1c0 (_vgnU_ifunc_wrapper)
--18859-- REDIR: 0x4918ca0 (libc.so.6:wmemchr) redirected to 0x482d1c0 (_vgnU_ifunc_wrapper)
--18859-- REDIR: 0x4918700 (libc.so.6:wcscmp) redirected to 0x482d1c0 (_vgnU_ifunc_wrapper)
--18859-- REDIR: 0x48fe830 (libc.so.6:mempcpy) redirected to 0x482d1c0 (_vgnU_ifunc_wrapper)
--18859-- REDIR: 0x48fe650 (libc.so.6:bcmp) redirected to 0x482d1c0 (_vgnU_ifunc_wrapper)
--18859-- REDIR: 0x48fd7e0 (libc.so.6:strncmp) redirected to 0x482d1c0 (_vgnU_ifunc_wrapper)
--18859-- REDIR: 0x48fd290 (libc.so.6:strcmp) redirected to 0x482d1c0 (_vgnU_ifunc_wrapper)
--18859-- REDIR: 0x48fe790 (libc.so.6:memset) redirected to 0x482d1c0 (_vgnU_ifunc_wrapper)
--18859-- REDIR: 0x49186d0 (libc.so.6:wcschr) redirected to 0x482d1c0 (_vgnU_ifunc_wrapper)
--18859-- REDIR: 0x48fd770 (libc.so.6:strnlen) redirected to 0x482d1c0 (_vgnU_ifunc_wrapper)
--18859-- REDIR: 0x48fd340 (libc.so.6:strcspn) redirected to 0x482d1c0 (_vgnU_ifunc_wrapper)
--18859-- REDIR: 0x48fd300 (libc.so.6:strcpy) redirected to 0x482d1c0 (_vgnU_ifunc_wrapper)
--18859-- REDIR: 0x48fd8b0 (libc.so.6:strpbrk) redirected to 0x482d1c0 (_vgnU_ifunc_wrapper)
--18859-- REDIR: 0x48fd250 (libc.so.6:index) redirected to 0x482d1c0 (_vgnU_ifunc_wrapper)
--18859-- REDIR: 0x48fd740 (libc.so.6:strlen) redirected to 0x482d1c0 (_vgnU_ifunc_wrapper)
--18859-- REDIR: 0x48fea70 (libc.so.6:strcasecmp_l) redirected to 0x482d1c0 (_vgnU_ifunc_wrapper)
--18859-- REDIR: 0x48fe620 (libc.so.6:memchr) redirected to 0x482d1c0 (_vgnU_ifunc_wrapper)
--18859-- REDIR: 0x48fdb70 (libc.so.6:strspn) redirected to 0x482d1c0 (_vgnU_ifunc_wrapper)
--18859-- REDIR: 0x48fe990 (libc.so.6:stpncpy) redirected to 0x482d1c0 (_vgnU_ifunc_wrapper)
--18859-- REDIR: 0x48fe950 (libc.so.6:stpcpy) redirected to 0x482d1c0 (_vgnU_ifunc_wrapper)
--18859-- REDIR: 0x48feac0 (libc.so.6:strncasecmp_l) redirected to 0x482d1c0 (_vgnU_ifunc_wrapper)
--18859-- REDIR: 0x490d810 (libc.so.6:__strrchr_sse2) redirected to 0x483a7d0 (__strrchr_sse2)
--18859-- REDIR: 0x48f98d0 (libc.so.6:malloc) redirected to 0x4837710 (malloc)
--18859-- REDIR: 0x48fe0a0 (libc.so.6:__GI_strstr) redirected to 0x483fac0 (__strstr_sse2)
--18859-- REDIR: 0x48f9f20 (libc.so.6:free) redirected to 0x4838940 (free)
--18859-- REDIR: 0x490d600 (libc.so.6:__strchrnul_sse2) redirected to 0x483f390 (strchrnul)
--18859-- REDIR: 0x4917a00 (libc.so.6:__mempcpy_sse2_unaligned) redirected to 0x483f4a0 (mempcpy)
==18859== 
==18859== HEAP SUMMARY:
==18859==     in use at exit: 508 bytes in 29 blocks
==18859==   total heap usage: 47 allocs, 18 frees, 9,492 bytes allocated
==18859== 
==18859== Searching for pointers to 29 not-freed blocks
==18859== Checked 70,248 bytes
==18859== 
==18859== LEAK SUMMARY:
==18859==    definitely lost: 508 bytes in 29 blocks
==18859==    indirectly lost: 0 bytes in 0 blocks
==18859==      possibly lost: 0 bytes in 0 blocks
==18859==    still reachable: 0 bytes in 0 blocks
==18859==         suppressed: 0 bytes in 0 blocks
==18859== Rerun with --leak-check=full to see details of leaked memory
==18859== 
==18859== ERROR SUMMARY: 0 errors from 0 contexts (suppressed: 0 from 0)
==18859== ERROR SUMMARY: 0 errors from 0 contexts (suppressed: 0 from 0)
