==13675== Memcheck, a memory error detector
==13675== Copyright (C) 2002-2017, and GNU GPL'd, by Julian Seward et al.
==13675== Using Valgrind-3.14.0-353a3587bb-20181007X and LibVEX; rerun with -h for copyright info
==13675== Command: ./hw18 inputs/test10.txt
==13675== Parent PID: 13674
==13675== 
--13675-- 
--13675-- Valgrind options:
--13675--    --tool=memcheck
--13675--    --verbose
--13675--    --log-file=./valgrind10.log
--13675-- Output from sysctl({CTL_KERN,KERN_VERSION}):
--13675--   Darwin Kernel Version 16.7.0: Wed Oct 10 20:06:00 PDT 2018; root:xnu-3789.73.24~1/RELEASE_X86_64
--13675-- Arch and hwcaps: AMD64, LittleEndian, amd64-cx16-lzcnt-rdtscp-sse3-avx-avx2-bmi
--13675-- Page sizes: currently 4096, max supported 4096
--13675-- Valgrind library directory: /usr/local/Cellar/valgrind/3.14.0/lib/valgrind
--13675-- ./hw18 (rx at 0x100000000, rw at 0x100001000)
--13675--    reading syms   from primary file (9 40)
--13675--    dSYM= ./hw18.dSYM/Contents/Resources/DWARF/hw18
--13675--    reading dwarf3 from dsyms file
--13675-- /usr/lib/dyld (rx at 0x100003000, rw at 0x100041000)
--13675--    reading syms   from primary file (6 1223)
--13675-- Scheduler: using generic scheduler lock implementation.
--13675-- Reading suppressions file: /usr/local/Cellar/valgrind/3.14.0/lib/valgrind/default.supp
==13675== embedded gdbserver: reading from /var/folders/hq/r6_9bw2j3gv7pzlzzgyqfs9h0000gn/T//vgdb-pipe-from-vgdb-to-13675-by-joseluistejada-on-???
==13675== embedded gdbserver: writing to   /var/folders/hq/r6_9bw2j3gv7pzlzzgyqfs9h0000gn/T//vgdb-pipe-to-vgdb-from-13675-by-joseluistejada-on-???
==13675== embedded gdbserver: shared mem   /var/folders/hq/r6_9bw2j3gv7pzlzzgyqfs9h0000gn/T//vgdb-pipe-shared-mem-vgdb-13675-by-joseluistejada-on-???
==13675== 
==13675== TO CONTROL THIS PROCESS USING vgdb (which you probably
==13675== don't want to do, unless you know exactly what you're doing,
==13675== or are doing some strange experiment):
==13675==   /usr/local/Cellar/valgrind/3.14.0/lib/valgrind/../../bin/vgdb --pid=13675 ...command...
==13675== 
==13675== TO DEBUG THIS PROCESS USING GDB: start GDB like this
==13675==   /path/to/gdb ./hw18
==13675== and then give GDB the following command
==13675==   target remote | /usr/local/Cellar/valgrind/3.14.0/lib/valgrind/../../bin/vgdb --pid=13675
==13675== --pid is optional if only one valgrind process is running
==13675== 
--13675-- REDIR: 0x100029620 (dyld:strcmp) redirected to 0x258057691 (???)
--13675-- REDIR: 0x100023130 (dyld:arc4random) redirected to 0x25805772f (???)
--13675-- REDIR: 0x100022fe0 (dyld:strlen) redirected to 0x258057660 (???)
--13675-- REDIR: 0x100022f40 (dyld:strcpy) redirected to 0x2580576ad (???)
--13675-- REDIR: 0x1000267dd (dyld:strcat) redirected to 0x258057671 (???)
--13675-- REDIR: 0x10002681b (dyld:strlcat) redirected to 0x2580576ca (???)
--13675-- /usr/local/Cellar/valgrind/3.14.0/lib/valgrind/vgpreload_core-amd64-darwin.so (rx at 0x10008e000, rw at 0x100094000)
--13675--    reading syms   from primary file (3 88)
--13675--    dSYM= /usr/local/Cellar/valgrind/3.14.0/lib/valgrind/vgpreload_core-amd64-darwin.so.dSYM/Contents/Resources/DWARF/vgpreload_core-amd64-darwin.so
--13675-- /usr/local/Cellar/valgrind/3.14.0/lib/valgrind/vgpreload_memcheck-amd64-darwin.so (rx at 0x100098000, rw at 0x1000a1000)
--13675--    reading syms   from primary file (72 96)
--13675--    dSYM= /usr/local/Cellar/valgrind/3.14.0/lib/valgrind/vgpreload_memcheck-amd64-darwin.so.dSYM/Contents/Resources/DWARF/vgpreload_memcheck-amd64-darwin.so
--13675-- /usr/lib/libSystem.B.dylib (rx at 0x1000a7000, rw at 0x1000a9000)
--13675--    reading syms   from primary file (31 5)
--13675-- /usr/lib/system/libcache.dylib (rx at 0x1000ae000, rw at 0x1000b3000)
--13675--    reading syms   from primary file (32 29)
--13675-- /usr/lib/system/libcommonCrypto.dylib (rx at 0x1000b8000, rw at 0x1000c3000)
--13675--    reading syms   from primary file (214 167)
--13675-- /usr/lib/system/libcompiler_rt.dylib (rx at 0x1000d0000, rw at 0x1000d8000)
--13675--    reading syms   from primary file (510 8)
--13675-- /usr/lib/system/libcopyfile.dylib (rx at 0x1000e5000, rw at 0x1000ee000)
--13675--    reading syms   from primary file (13 35)
--13675-- /usr/lib/system/libcorecrypto.dylib (rx at 0x1000f4000, rw at 0x100178000)
--13675--    reading syms   from primary file (480 678)
--13675-- /usr/lib/system/libdispatch.dylib (rx at 0x100193000, rw at 0x1001c5000)
--13675--    reading syms   from primary file (258 910)
--13675-- /usr/lib/system/libdyld.dylib (rx at 0x1001fe000, rw at 0x100204000)
--13675--    reading syms   from primary file (98 130)
--13675-- /usr/lib/system/libkeymgr.dylib (rx at 0x10020c000, rw at 0x10020d000)
--13675--    reading syms   from primary file (12 3)
--13675-- /usr/lib/system/liblaunch.dylib (rx at 0x100211000, rw at 0x100212000)
--13675--    reading syms   from primary file (113 3)
--13675-- /usr/lib/system/libmacho.dylib (rx at 0x100219000, rw at 0x10021f000)
--13675--    reading syms   from primary file (102 1)
--13675-- /usr/lib/system/libquarantine.dylib (rx at 0x100225000, rw at 0x100228000)
--13675--    reading syms   from primary file (67 32)
--13675-- /usr/lib/system/libremovefile.dylib (rx at 0x10022e000, rw at 0x100230000)
--13675--    reading syms   from primary file (15 4)
--13675-- /usr/lib/system/libsystem_asl.dylib (rx at 0x100235000, rw at 0x10024e000)
--13675--    reading syms   from primary file (222 224)
--13675-- /usr/lib/system/libsystem_blocks.dylib (rx at 0x10025b000, rw at 0x10025c000)
--13675--    reading syms   from primary file (21 6)
--13675-- /usr/lib/system/libsystem_c.dylib (rx at 0x100260000, rw at 0x1002ee000)
--13675--    reading syms   from primary file (1331 777)
--13675-- /usr/lib/system/libsystem_configuration.dylib (rx at 0x100315000, rw at 0x100319000)
--13675--    reading syms   from primary file (38 75)
--13675-- /usr/lib/system/libsystem_coreservices.dylib (rx at 0x100320000, rw at 0x100324000)
--13675--    reading syms   from primary file (14 36)
--13675-- /usr/lib/system/libsystem_coretls.dylib (rx at 0x100329000, rw at 0x100342000)
--13675--    reading syms   from primary file (130 250)
--13675-- /usr/lib/system/libsystem_dnssd.dylib (rx at 0x10034d000, rw at 0x100354000)
--13675--    reading syms   from primary file (49 24)
--13675-- /usr/lib/system/libsystem_info.dylib (rx at 0x100359000, rw at 0x100383000)
--13675--    reading syms   from primary file (523 519)
--13675-- /usr/lib/system/libsystem_kernel.dylib (rx at 0x100398000, rw at 0x1003bb000)
--13675--    reading syms   from primary file (1179 98)
--13675-- /usr/lib/system/libsystem_m.dylib (rx at 0x1003d2000, rw at 0x10041a000)
--13675--    reading syms   from primary file (605 1)
--13675-- /usr/lib/system/libsystem_malloc.dylib (rx at 0x100426000, rw at 0x100445000)
--13675--    reading syms   from primary file (117 253)
--13675-- /usr/lib/system/libsystem_network.dylib (rx at 0x100451000, rw at 0x1004ab000)
--13675--    reading syms   from primary file (730 584)
--13675-- /usr/lib/system/libsystem_networkextension.dylib (rx at 0x1004cd000, rw at 0x1004d7000)
--13675--    reading syms   from primary file (89 229)
--13675-- /usr/lib/system/libsystem_notify.dylib (rx at 0x1004e2000, rw at 0x1004ec000)
--13675--    reading syms   from primary file (113 54)
--13675-- /usr/lib/system/libsystem_platform.dylib (rx at 0x1004f3000, rw at 0x1004fc000)
--13675--    reading syms   from primary file (158 105)
--13675-- /usr/lib/system/libsystem_pthread.dylib (rx at 0x100504000, rw at 0x10050f000)
--13675--    reading syms   from primary file (174 79)
--13675-- /usr/lib/system/libsystem_sandbox.dylib (rx at 0x10051b000, rw at 0x10051f000)
--13675--    reading syms   from primary file (85 9)
--13675-- /usr/lib/system/libsystem_secinit.dylib (rx at 0x100525000, rw at 0x100527000)
--13675--    reading syms   from primary file (1 7)
--13675-- /usr/lib/system/libsystem_symptoms.dylib (rx at 0x10052c000, rw at 0x100534000)
--13675--    reading syms   from primary file (8 66)
--13675-- /usr/lib/system/libsystem_trace.dylib (rx at 0x10053a000, rw at 0x10054e000)
--13675--    reading syms   from primary file (101 236)
--13675-- /usr/lib/system/libunwind.dylib (rx at 0x10055c000, rw at 0x100562000)
--13675--    reading syms   from primary file (102 52)
--13675-- /usr/lib/system/libxpc.dylib (rx at 0x100569000, rw at 0x100593000)
--13675--    reading syms   from primary file (515 825)
--13675-- /usr/lib/libobjc.A.dylib (rx at 0x1005b2000, rw at 0x100985000)
--13675--    reading syms   from primary file (368 886)
--13675-- /usr/lib/libc++abi.dylib (rx at 0x100a62000, rw at 0x100a8c000)
--13675--    reading syms   from primary file (339 188)
--13675-- /usr/lib/libc++.1.dylib (rx at 0x100a9b000, rw at 0x100af2000)
--13675--    reading syms   from primary file (1979 1610)
--13675-- REDIR: 0x1004f4680 (libsystem_platform.dylib:_platform_memchr$VARIANT$Haswell) redirected to 0x10009b154 (_platform_memchr$VARIANT$Haswell)
--13675-- REDIR: 0x1004f4760 (libsystem_platform.dylib:_platform_memcmp) redirected to 0x10009b849 (_platform_memcmp)
--13675-- REDIR: 0x1004f4cc0 (libsystem_platform.dylib:_platform_strncmp) redirected to 0x10009b055 (_platform_strncmp)
--13675-- REDIR: 0x100261b40 (libsystem_c.dylib:strlen) redirected to 0x10009ace6 (strlen)
--13675-- REDIR: 0x1004f5280 (libsystem_platform.dylib:_platform_strcmp) redirected to 0x10009b0d1 (_platform_strcmp)
--13675-- REDIR: 0x10042ad61 (libsystem_malloc.dylib:calloc) redirected to 0x100099bcf (calloc)
--13675-- REDIR: 0x10042a3dc (libsystem_malloc.dylib:malloc_default_zone) redirected to 0x10009a911 (malloc_default_zone)
--13675-- REDIR: 0x100428217 (libsystem_malloc.dylib:malloc_zone_malloc) redirected to 0x10009981b (malloc_zone_malloc)
--13675-- REDIR: 0x10042a3e7 (libsystem_malloc.dylib:malloc_zone_calloc) redirected to 0x100099dbd (malloc_zone_calloc)
--13675-- REDIR: 0x1004271e8 (libsystem_malloc.dylib:malloc) redirected to 0x1000995b0 (malloc)
--13675-- REDIR: 0x10042a4af (libsystem_malloc.dylib:malloc_zone_from_ptr) redirected to 0x10009a952 (malloc_zone_from_ptr)
--13675-- REDIR: 0x100429dd5 (libsystem_malloc.dylib:free) redirected to 0x100099991 (free)
--13675-- REDIR: 0x1004f4ea0 (libsystem_platform.dylib:_platform_strchr$VARIANT$Haswell) redirected to 0x10009abb6 (_platform_strchr$VARIANT$Haswell)
--13675-- REDIR: 0x10042af10 (libsystem_malloc.dylib:realloc) redirected to 0x100099f51 (realloc)
==13675== 
==13675== HEAP SUMMARY:
==13675==     in use at exit: 22,494 bytes in 175 blocks
==13675==   total heap usage: 193 allocs, 18 frees, 32,750 bytes allocated
==13675== 
==13675== Searching for pointers to 175 not-freed blocks
==13675== Checked 68,635,712 bytes
==13675== 
==13675== LEAK SUMMARY:
==13675==    definitely lost: 16 bytes in 1 blocks
==13675==    indirectly lost: 240 bytes in 11 blocks
==13675==      possibly lost: 72 bytes in 3 blocks
==13675==    still reachable: 200 bytes in 6 blocks
==13675==         suppressed: 21,966 bytes in 154 blocks
==13675== Rerun with --leak-check=full to see details of leaked memory
==13675== 
==13675== ERROR SUMMARY: 0 errors from 0 contexts (suppressed: 4 from 4)
--13675-- 
--13675-- used_suppression:      5 OSX1012:19-Leak /usr/local/Cellar/valgrind/3.14.0/lib/valgrind/default.supp:924 suppressed: 8,792 bytes in 5 blocks
--13675-- used_suppression:      1 OSX1012:15-Leak /usr/local/Cellar/valgrind/3.14.0/lib/valgrind/default.supp:886 suppressed: 4,096 bytes in 1 blocks
--13675-- used_suppression:      7 OSX1012:17-Leak /usr/local/Cellar/valgrind/3.14.0/lib/valgrind/default.supp:906 suppressed: 3,616 bytes in 57 blocks
--13675-- used_suppression:      3 OSX1012:16-Leak /usr/local/Cellar/valgrind/3.14.0/lib/valgrind/default.supp:897 suppressed: 3,072 bytes in 48 blocks
--13675-- used_suppression:     16 OSX1012:10-Leak /usr/local/Cellar/valgrind/3.14.0/lib/valgrind/default.supp:839 suppressed: 2,270 bytes in 39 blocks
--13675-- used_suppression:      4 OSX1012:18-Leak /usr/local/Cellar/valgrind/3.14.0/lib/valgrind/default.supp:915 suppressed: 120 bytes in 4 blocks
--13675-- used_suppression:      1 OSX1012:dyld-5 /usr/local/Cellar/valgrind/3.14.0/lib/valgrind/default.supp:1283
--13675-- used_suppression:      2 OSX1012:dyld-4 /usr/local/Cellar/valgrind/3.14.0/lib/valgrind/default.supp:1275
--13675-- used_suppression:      1 OSX1012:dyld-3 /usr/local/Cellar/valgrind/3.14.0/lib/valgrind/default.supp:1267
==13675== 
==13675== ERROR SUMMARY: 0 errors from 0 contexts (suppressed: 4 from 4)
